<?xml version="1.0" encoding="UTF-8"?>
<!-- Generated by org.testng.reporters.JUnitXMLReporter -->
<testsuite hostname="LAPTOP-5JSPS2SF" ignored="0" name="Test" tests="10" failures="0" timestamp="2019-09-17T13:19:07 EDT" time="16.276" errors="0">
  <testcase name="b" time="0.011" classname="testNG.Firstclass"/>
  <testcase name="f" time="0.001" classname="testNG.Firstclass"/>
  <testcase name="a" time="0.001" classname="testNG.Prioritysample"/>
  <testcase name="f" time="0.004" classname="testNG.Prioritysample"/>
  <testcase name="b" time="0.002" classname="testNG.Prioritysample"/>
  <testcase name="f" time="16.164" classname="testNG.Jri_login"/>
  <testcase name="b" time="0.001" classname="testNG.Annotation2"/>
  <testcase name="f" time="0.002" classname="testNG.Annotation2"/>
  <testcase name="f" time="0.004" classname="testNG.Annotations1"/>
  <testcase name="v" time="0.001" classname="testNG.Annotations1"/>
</testsuite> <!-- Test -->
