<?xml version="1.0" encoding="UTF-8"?>
<!-- Generated by org.testng.reporters.JUnitXMLReporter -->
<testsuite hostname="LAPTOP-5JSPS2SF" ignored="0" name="my bulid 1.2 test results" tests="10" failures="0" timestamp="2019-09-17T13:24:36 EDT" time="14.48" errors="0">
  <testcase name="b" time="0.016" classname="testNG.Firstclass"/>
  <testcase name="f" time="0.002" classname="testNG.Firstclass"/>
  <testcase name="a" time="0.002" classname="testNG.Prioritysample"/>
  <testcase name="f" time="0.002" classname="testNG.Prioritysample"/>
  <testcase name="b" time="0.002" classname="testNG.Prioritysample"/>
  <testcase name="f" time="14.367" classname="testNG.Jri_login"/>
  <testcase name="b" time="0.002" classname="testNG.Annotation2"/>
  <testcase name="f" time="0.001" classname="testNG.Annotation2"/>
  <testcase name="f" time="0.002" classname="testNG.Annotations1"/>
  <testcase name="v" time="0.002" classname="testNG.Annotations1"/>
</testsuite> <!-- my bulid 1.2 test results -->
