<?xml version="1.0" encoding="UTF-8"?>
<testng-results skipped="0" failed="0" ignored="0" total="1" passed="1">
  <reporter-output>
  </reporter-output>
  <suite name="Default suite" duration-ms="28741" started-at="2019-10-01T12:34:47 EDT" finished-at="2019-10-01T12:35:16 EDT">
    <groups>
    </groups>
    <test name="Default test" duration-ms="28741" started-at="2019-10-01T12:34:47 EDT" finished-at="2019-10-01T12:35:16 EDT">
      <class name="testNG.Volunteerregistration_TTD">
        <test-method status="PASS" signature="f()[pri:0, instance:testNG.Volunteerregistration_TTD@5abca1e0]" name="f" duration-ms="28682" started-at="2019-10-01T12:34:47 EDT" finished-at="2019-10-01T12:35:16 EDT">
          <reporter-output>
          </reporter-output>
        </test-method> <!-- f -->
      </class> <!-- testNG.Volunteerregistration_TTD -->
    </test> <!-- Default test -->
  </suite> <!-- Default suite -->
</testng-results>
